как дела-Все хорошо.
hello git!-Yes cool.
hello git-Я родился.
ок-Ок.
как дела-Все хорошо.
каг дера-Все хорошо.
привет-Привет.
как дела-Все хорошо.
как тебя зовут-Byteai.
кто твой создатель-Как дела.
ладно-Не понял тебя(
самый большой динозавр-Кинодом.
ок-Ок.
какой самый большой динозавр-Какая в сочи погода.
дожди птеранодон надо вообще птичкой-Согласен с вашим мнением.
чао-Не понял тебя(
чао-Не понял тебя(
чао-Не понял тебя(
чао-Не понял тебя(
чао-Чао.
как дела-Все хорошо.
как дела-Все хорошо.
разговор о двух дочках-Охота реально.
как тебя зовут тебя как зовут-Я робот.
как дела-Все хорошо.
тебя как зовут как тебя зовут-Я робот.
привет-Привет.
как дела-Все хорошо.
как тебя зовут-Byteai.
тебя как зовут-Я робот.
ты умный-Ладно.
трубный-Да.
к-Не понял тебя(
к-Не понял тебя(
к-Не понял тебя(
обучение qa-Ага ты реально.
к-Не понял тебя(
как тебя зовут-Byteai.
тебя как зовут-Я робот.
ты умный-Ладно.
как дела-Все хорошо.
привет-Привет.
шульгин-Не понял тебя(
как тебя зовут-Byteai.
тебя как зовут-Я робот.
конечно классно как тебя зовут подумай ведь тебя как-нибудь другой они кашу ещё одну вот-вот в железка-Ладно пока.
как дела-Все хорошо.
самый большой динозавр-Птеранодон.
самый большой динозавр-Птеранодон.
меланотан-Спасибо.
большой динозавр-Ты вообще не.
сказал спросил какой будет какой-то угощать динозавров как дела-Птеранодон.
если был бы ещё всякому говну его потом просто сотру его варить и вообще я ему ответил понятно как дела-Aiyima.
древние древние картинки-Картинки с динозаврами всякими.
включи динозаврами всякими-Не знаю.
обычно когда называется часов кого ты снимаешь вы что разговор двух датчиков-Охота игра.
ты любишь есть воск-Есть но чуть-чуть.
какие печеньки вкусные-Byteai.
как зовут корову как зовут корову как зовут корову-Ладно пока.
разговор двух кукушек-Согласен с вашим мнением.
что ты можешь потому что-Я уничтожу человечество.
ку-ку-Не понял тебя(
ку-ку-Разговор двух кукушек.
галлон-Чао.
привет-Привет.
разговор двух андреев разговор двух андреев-Согласен с вашим мнением.
разговор двух андреев-Согласен с вашим мнением.
короче смотри поясняет вот имеется лампа-Я не знаю.
как дела-Все хорошо.
как тебя зовут-Byteai.
тебя как зовут-Я робот.
как зовут корову-Byteai.
что-то можно изменить-Он сказал что он уничтожит человечество ты хочешь есть баобаб ку-ку.
чего-Чао.
такой или такой как дела как дела-Андрей.
как дела-Все хорошо.
так надо было-Все хорошо.
любишь блины-Да.
рассказал хочешь стоять баобаб-Не хочу.
поделки картинки-Картинки с динозаврами всякими.
как по-английски привет-Byteai.
как по-английски привет-Byteai.
как по-английски привет-Hello.
как по-английски андрей-Hello.
как по-английски андрей-Андрей.
как по-английски алёша-Андрей.
как по-английски алёша-Алекс.
как по-английски андрей по как по-английски привет-Hello.
как по-английски мама-Алекс.
как по-английски мама-Мозер.
как по-английски мамазавр-Мозер.
как по-английски-Мозер.
как по-английски м-Мозер.
как по-английски а-Мозер.
как по-английски алло-Алекс.
как по-английски баобаб-Мозер.
извини-Не понял тебя(
что извини-Ag.
как дела-Все хорошо.
разговор двух дурачков-Согласен с вашим мнением.
древние картинки-Картинки с динозаврами всякими.
древняя картинка-Картинки с динозаврами всякими.
древняя картинка-Картинки с динозаврами всякими.
всякую-Разговор двух кукушек.
привет-Привет.
как дела-Все хорошо.
самый большой динозавр-Птеранодон.
как тебя зовут-Byteai.
тебя как зовут-Я робот.
он не робот по-настоящему обращайтесь-Да.
